  felix.cpp
c:\users\user\desktop\game_tutorial\tutorial\tutorial\felix.cpp(11): warning C4244: '=': conversion from 'T' to 'float', possible loss of data
          with
          [
              T=unsigned int
          ]
c:\users\user\desktop\game_tutorial\tutorial\tutorial\felix.cpp(12): warning C4244: '=': conversion from 'T' to 'float', possible loss of data
          with
          [
              T=unsigned int
          ]
c:\users\user\desktop\game_tutorial\tutorial\tutorial\felix.cpp(14): warning C4244: 'argument': conversion from 'float' to 'T', possible loss of data
          with
          [
              T=int
          ]
c:\users\user\desktop\game_tutorial\tutorial\tutorial\felix.cpp(26): warning C4244: 'argument': conversion from 'double' to 'float', possible loss of data
c:\users\user\desktop\game_tutorial\tutorial\tutorial\felix.cpp(33): warning C4244: 'argument': conversion from 'double' to 'float', possible loss of data
c:\users\user\desktop\game_tutorial\tutorial\tutorial\felix.cpp(40): warning C4244: 'argument': conversion from 'double' to 'float', possible loss of data
c:\users\user\desktop\game_tutorial\tutorial\tutorial\felix.cpp(47): warning C4244: 'argument': conversion from 'double' to 'float', possible loss of data
c:\users\user\desktop\game_tutorial\tutorial\tutorial\felix.cpp(57): warning C4244: 'argument': conversion from 'int' to 'float', possible loss of data
c:\users\user\desktop\game_tutorial\tutorial\tutorial\felix.cpp(74): warning C4244: 'argument': conversion from 'float' to 'T', possible loss of data
          with
          [
              T=int
          ]
c:\users\user\desktop\game_tutorial\tutorial\tutorial\felix.cpp(76): warning C4244: 'argument': conversion from 'float' to 'T', possible loss of data
          with
          [
              T=int
          ]
c:\users\user\desktop\game_tutorial\tutorial\tutorial\felix.cpp(78): warning C4244: 'argument': conversion from 'float' to 'T', possible loss of data
          with
          [
              T=int
          ]
c:\users\user\desktop\game_tutorial\tutorial\tutorial\felix.cpp(80): warning C4244: 'argument': conversion from 'float' to 'T', possible loss of data
          with
          [
              T=int
          ]
  tutorial.vcxproj -> C:\Users\User\Desktop\game_tutorial\tutorial\Debug\tutorial.exe
